<?xml version="1.0" encoding="UTF-8"?>
<testng-results ignored="0" total="1" passed="1" failed="0" skipped="0">
  <reporter-output>
  </reporter-output>
  <suite started-at="2023-10-22T21:01:31 IST" name="Default suite" finished-at="2023-10-22T21:06:27 IST" duration-ms="296147">
    <groups>
    </groups>
    <test started-at="2023-10-22T21:01:31 IST" name="Default test" finished-at="2023-10-22T21:06:27 IST" duration-ms="296147">
      <class name="bbOffer.Categories">
        <test-method signature="categoriesBB()[pri:0, instance:bbOffer.Categories@741a8937]" started-at="2023-10-22T21:01:31 IST" name="categoriesBB" finished-at="2023-10-22T21:06:27 IST" duration-ms="296057" status="PASS">
          <reporter-output>
          </reporter-output>
        </test-method> <!-- categoriesBB -->
      </class> <!-- bbOffer.Categories -->
    </test> <!-- Default test -->
  </suite> <!-- Default suite -->
</testng-results>
